#
# A fatal error has been detected by the Java Runtime Environment:
#
#  EXCEPTION_ACCESS_VIOLATION (0xc0000005) at pc=0x000000005ae4517b, pid=10204, tid=0x0000000000000a9c
#
# JRE version: Java(TM) SE Runtime Environment (8.0_181-b13) (build 1.8.0_181-b13)
# Java VM: Java HotSpot(TM) 64-Bit Server VM (25.181-b13 mixed mode windows-amd64 compressed oops)
# Problematic frame:
# V  [jvm.dll+0x11517b]
#
# Failed to write core dump. Minidumps are not enabled by default on client versions of Windows
#
# If you would like to submit a bug report, please visit:
#   http://bugreport.java.com/bugreport/crash.jsp
#

---------------  T H R E A D  ---------------

Current thread (0x0000000002067000):  GCTaskThread [stack: 0x0000000012320000,0x0000000012420000] [id=2716]

siginfo: ExceptionCode=0xc0000005, reading address 0x0000000000000019

Registers:
RAX=0x00000000126e0000, RBX=0x0000000081228e00, RCX=0x0000000000000000, RDX=0x0000000000000001
RSP=0x000000001241f530, RBP=0x0000000081228eb4, RSI=0x000000005739e220, RDI=0x000000005739e220
R8 =0x0000000000000011, R9 =0x0000000016c762d0, R10=0x000000000000000c, R11=0x000000005b335708
R12=0x0000000081228ec4, R13=0x0000000016c76560, R14=0x0000000016c76570, R15=0x0000000081228ea8
RIP=0x000000005ae4517b, EFLAGS=0x0000000000010206

Top of Stack: (sp=0x000000001241f530)
0x000000001241f530:   0000000016c762d0 0000000081228e64
0x000000001241f540:   0000000000000006 000000005af4e362
0x000000001241f550:   0000000000000000 00000000020678d0
0x000000001241f560:   0000000002061760 0000000000000002
0x000000001241f570:   000000000000009a 000000005b12a270
0x000000001241f580:   0000000057ad0510 0000000000000000
0x000000001241f590:   000000005739e220 000000005b3888b8
0x000000001241f5a0:   000000005b552d00 0000000000000005
0x000000001241f5b0:   0000000016a71ef8 0000000000000000
0x000000001241f5c0:   000000008113311c 000000005ae3d132
0x000000001241f5d0:   0000000081133120 000000005739e220
0x000000001241f5e0:   0000000081133120 0000000002061760
0x000000001241f5f0:   00000000020678e0 00000000020678d0
0x000000001241f600:   000000005b3888b8 0000000000000002
0x000000001241f610:   000000005bc0bd80 0000000000000000
0x000000001241f620:   000000005739e220 000000005b127b4f 

Instructions: (pc=0x000000005ae4517b)
0x000000005ae4515b:   6f 00 84 d2 74 16 44 8b 43 08 8b 0d fd 16 69 00
0x000000005ae4516b:   49 d3 e0 4c 03 05 eb 16 69 00 eb 04 4c 8b 43 08
0x000000005ae4517b:   45 8b 48 08 45 85 c9 7e 0c 41 f6 c1 01 75 4b 41
0x000000005ae4518b:   c1 f9 03 eb 57 79 43 84 d2 41 8b c9 b8 10 00 00 


Register to memory mapping:

RAX=0x00000000126e0000 is an unknown value
RBX=0x0000000081228e00 is pointing into object: 0x0000000081228d98
[C 
 - klass: {type array char}
 - length: 48
RCX=0x0000000000000000 is an unknown value
RDX=0x0000000000000001 is an unknown value
RSP=0x000000001241f530 is an unknown value
RBP=0x0000000081228eb4 is pointing into object: 0x0000000081228e88
[C 
 - klass: {type array char}
 - length: 114
RSI=0x000000005739e220 is an unknown value
RDI=0x000000005739e220 is an unknown value
R8 =0x0000000000000011 is an unknown value
R9 =0x0000000016c762d0 is pointing into metadata
R10=0x000000000000000c is an unknown value
R11=0x000000005b335708 is an unknown value
R12=0x0000000081228ec4 is pointing into object: 0x0000000081228e88
[C 
 - klass: {type array char}
 - length: 114
R13=0x0000000016c76560 is pointing into metadata
R14=0x0000000016c76570 is pointing into metadata
R15=0x0000000081228ea8 is pointing into object: 0x0000000081228e88
[C 
 - klass: {type array char}
 - length: 114


Stack: [0x0000000012320000,0x0000000012420000],  sp=0x000000001241f530,  free space=1021k
Native frames: (J=compiled Java code, j=interpreted, Vv=VM code, C=native code)
V  [jvm.dll+0x11517b]
V  [jvm.dll+0x3fa270]
V  [jvm.dll+0x3f7b4f]
V  [jvm.dll+0x3f4dde]
V  [jvm.dll+0x29e64a]
C  [msvcr100.dll+0x21d9f]
C  [msvcr100.dll+0x21e3b]
C  [kernel32.dll+0x1652d]
C  [ntdll.dll+0x2c521]


---------------  P R O C E S S  ---------------

Java Threads: ( => current thread )
  0x000000005ee46800 JavaThread "Abandoned connection cleanup thread" daemon [_thread_blocked, id=3456, stack(0x000000005a710000,0x000000005a810000)]
  0x0000000061fcf000 JavaThread "commons-pool-EvictionTimer" daemon [_thread_blocked, id=10360, stack(0x0000000059de0000,0x0000000059ee0000)]
  0x0000000059619000 JavaThread "Service Thread" daemon [_thread_blocked, id=6892, stack(0x0000000058dc0000,0x0000000058ec0000)]
  0x00000000595a6000 JavaThread "C1 CompilerThread2" daemon [_thread_blocked, id=6400, stack(0x000000005a0b0000,0x000000005a1b0000)]
  0x00000000595a4800 JavaThread "C2 CompilerThread1" daemon [_thread_blocked, id=1848, stack(0x0000000059ee0000,0x0000000059fe0000)]
  0x00000000595a2000 JavaThread "C2 CompilerThread0" daemon [_thread_blocked, id=11188, stack(0x0000000059cd0000,0x0000000059dd0000)]
  0x0000000058761000 JavaThread "JDWP Command Reader" daemon [_thread_in_native, id=6188, stack(0x0000000059300000,0x0000000059400000)]
  0x000000005875f800 JavaThread "JDWP Event Helper Thread" daemon [_thread_blocked, id=6988, stack(0x00000000591b0000,0x00000000592b0000)]
  0x0000000058756000 JavaThread "JDWP Transport Listener: dt_socket" daemon [_thread_blocked, id=7532, stack(0x0000000058f60000,0x0000000059060000)]
  0x0000000058732800 JavaThread "Attach Listener" daemon [_thread_blocked, id=5172, stack(0x0000000058ca0000,0x0000000058da0000)]
  0x0000000057468800 JavaThread "Signal Dispatcher" daemon [_thread_blocked, id=1768, stack(0x0000000058b40000,0x0000000058c40000)]
  0x0000000057451000 JavaThread "Finalizer" daemon [_thread_blocked, id=4552, stack(0x0000000058620000,0x0000000058720000)]
  0x000000005740a000 JavaThread "Reference Handler" daemon [_thread_blocked, id=6924, stack(0x0000000058400000,0x0000000058500000)]
  0x000000000204f000 JavaThread "main" [_thread_blocked, id=11164, stack(0x0000000002330000,0x0000000002430000)]

Other Threads:
  0x0000000057401800 VMThread [stack: 0x0000000058520000,0x0000000058620000] [id=10476]
  0x0000000059663800 WatcherThread [stack: 0x0000000059060000,0x0000000059160000] [id=7264]

=>0x0000000002067000 (exited) GCTaskThread [stack: 0x0000000012320000,0x0000000012420000] [id=2716]

VM state:at safepoint (normal execution)

VM Mutex/Monitor currently owned by a thread:  ([mutex/lock_event])
[0x000000000204cb80] Threads_lock - owner thread: 0x0000000057401800
[0x000000000204d080] Heap_lock - owner thread: 0x000000000204f000

Heap:
 PSYoungGen      total 429056K, used 14792K [0x00000000d5a00000, 0x00000000f3c00000, 0x0000000100000000)
  eden space 411648K, 0% used [0x00000000d5a00000,0x00000000d5a00000,0x00000000eec00000)
  from space 17408K, 84% used [0x00000000efe80000,0x00000000f0cf2350,0x00000000f0f80000)
  to   space 18944K, 0% used [0x00000000eec00000,0x00000000eec00000,0x00000000efe80000)
 ParOldGen       total 52224K, used 17438K [0x0000000080e00000, 0x0000000084100000, 0x00000000d5a00000)
  object space 52224K, 33% used [0x0000000080e00000,0x0000000081f07940,0x0000000084100000)
 Metaspace       used 34862K, capacity 35356K, committed 35496K, reserved 1081344K
  class space    used 4228K, capacity 4343K, committed 4352K, reserved 1048576K

Card table byte_map: [0x00000000118f0000,0x0000000011cf0000] byte_map_base: 0x00000000114e9000

Marking Bits: (ParMarkBitMap*) 0x000000005b552d00
 Begin Bits: [0x00000000126e0000, 0x00000000146a8000)
 End Bits:   [0x00000000146a8000, 0x0000000016670000)

Polling page: 0x0000000000110000

CodeCache: size=245760Kb used=16414Kb max_used=16414Kb free=229345Kb
 bounds [0x0000000002530000, 0x0000000003550000, 0x0000000011530000]
 total_blobs=4322 nmethods=3865 adapters=375
 compilation: enabled

Compilation events (10 events):
Event: 6.614 Thread 0x00000000595a6000 3890       3       sun.misc.FDBigInteger::trimLeadingZeros (57 bytes)
Event: 6.615 Thread 0x00000000595a6000 nmethod 3890 0x000000000352d450 code [0x000000000352d5c0, 0x000000000352d8f0]
Event: 6.688 Thread 0x00000000595a6000 3891 %     3       com.mysql.jdbc.SingleByteCharsetConverter::<clinit> @ 58 (80 bytes)
Event: 6.689 Thread 0x00000000595a6000 nmethod 3891% 0x0000000003534710 code [0x0000000003534900, 0x0000000003535250]
Event: 6.689 Thread 0x00000000595a6000 3892       3       com.mysql.jdbc.SingleByteCharsetConverter::<clinit> (80 bytes)
Event: 6.690 Thread 0x00000000595a6000 nmethod 3892 0x0000000003533850 code [0x0000000003533a20, 0x0000000003534350]
Event: 6.690 Thread 0x00000000595a6000 3893       3       java.util.Collections$UnmodifiableCollection::contains (11 bytes)
Event: 6.690 Thread 0x00000000595a6000 nmethod 3893 0x0000000003533410 code [0x0000000003533580, 0x00000000035337a8]
Event: 6.696 Thread 0x00000000595a6000 3894       3       java.nio.charset.CoderResult::isOverflow (14 bytes)
Event: 6.696 Thread 0x00000000595a6000 nmethod 3894 0x000000000352d090 code [0x000000000352d1e0, 0x000000000352d390]

GC Heap History (10 events):
Event: 2.871 GC heap after
Heap after GC invocations=5 (full 0):
 PSYoungGen      total 138240K, used 5102K [0x00000000d5a00000, 0x00000000e7300000, 0x0000000100000000)
  eden space 133120K, 0% used [0x00000000d5a00000,0x00000000d5a00000,0x00000000ddc00000)
  from space 5120K, 99% used [0x00000000ddc00000,0x00000000de0fbbf8,0x00000000de100000)
  to   space 10752K, 0% used [0x00000000e6880000,0x00000000e6880000,0x00000000e7300000)
 ParOldGen       total 87552K, used 7989K [0x0000000080e00000, 0x0000000086380000, 0x00000000d5a00000)
  object space 87552K, 9% used [0x0000000080e00000,0x00000000815cd708,0x0000000086380000)
 Metaspace       used 20830K, capacity 21158K, committed 21296K, reserved 1069056K
  class space    used 2536K, capacity 2638K, committed 2688K, reserved 1048576K
}
Event: 2.871 GC heap before
{Heap before GC invocations=6 (full 1):
 PSYoungGen      total 138240K, used 5102K [0x00000000d5a00000, 0x00000000e7300000, 0x0000000100000000)
  eden space 133120K, 0% used [0x00000000d5a00000,0x00000000d5a00000,0x00000000ddc00000)
  from space 5120K, 99% used [0x00000000ddc00000,0x00000000de0fbbf8,0x00000000de100000)
  to   space 10752K, 0% used [0x00000000e6880000,0x00000000e6880000,0x00000000e7300000)
 ParOldGen       total 87552K, used 7989K [0x0000000080e00000, 0x0000000086380000, 0x00000000d5a00000)
  object space 87552K, 9% used [0x0000000080e00000,0x00000000815cd708,0x0000000086380000)
 Metaspace       used 20830K, capacity 21158K, committed 21296K, reserved 1069056K
  class space    used 2536K, capacity 2638K, committed 2688K, reserved 1048576K
Event: 2.920 GC heap after
Heap after GC invocations=6 (full 1):
 PSYoungGen      total 138240K, used 0K [0x00000000d5a00000, 0x00000000e7300000, 0x0000000100000000)
  eden space 133120K, 0% used [0x00000000d5a00000,0x00000000d5a00000,0x00000000ddc00000)
  from space 5120K, 0% used [0x00000000ddc00000,0x00000000ddc00000,0x00000000de100000)
  to   space 10752K, 0% used [0x00000000e6880000,0x00000000e6880000,0x00000000e7300000)
 ParOldGen       total 52224K, used 6508K [0x0000000080e00000, 0x0000000084100000, 0x00000000d5a00000)
  object space 52224K, 12% used [0x0000000080e00000,0x000000008145b2b0,0x0000000084100000)
 Metaspace       used 20830K, capacity 21158K, committed 21296K, reserved 1069056K
  class space    used 2536K, capacity 2638K, committed 2688K, reserved 1048576K
}
Event: 3.593 GC heap before
{Heap before GC invocations=7 (full 1):
 PSYoungGen      total 138240K, used 133120K [0x00000000d5a00000, 0x00000000e7300000, 0x0000000100000000)
  eden space 133120K, 100% used [0x00000000d5a00000,0x00000000ddc00000,0x00000000ddc00000)
  from space 5120K, 0% used [0x00000000ddc00000,0x00000000ddc00000,0x00000000de100000)
  to   space 10752K, 0% used [0x00000000e6880000,0x00000000e6880000,0x00000000e7300000)
 ParOldGen       total 52224K, used 6508K [0x0000000080e00000, 0x0000000084100000, 0x00000000d5a00000)
  object space 52224K, 12% used [0x0000000080e00000,0x000000008145b2b0,0x0000000084100000)
 Metaspace       used 24282K, capacity 24670K, committed 24960K, reserved 1071104K
  class space    used 2992K, capacity 3074K, committed 3200K, reserved 1048576K
Event: 3.623 GC heap after
Heap after GC invocations=7 (full 1):
 PSYoungGen      total 244224K, used 7324K [0x00000000d5a00000, 0x00000000e7000000, 0x0000000100000000)
  eden space 236544K, 0% used [0x00000000d5a00000,0x00000000d5a00000,0x00000000e4100000)
  from space 7680K, 95% used [0x00000000e6880000,0x00000000e6fa7008,0x00000000e7000000)
  to   space 10240K, 0% used [0x00000000e5c00000,0x00000000e5c00000,0x00000000e6600000)
 ParOldGen       total 52224K, used 6516K [0x0000000080e00000, 0x0000000084100000, 0x00000000d5a00000)
  object space 52224K, 12% used [0x0000000080e00000,0x000000008145d2b0,0x0000000084100000)
 Metaspace       used 24282K, capacity 24670K, committed 24960K, reserved 1071104K
  class space    used 2992K, capacity 3074K, committed 3200K, reserved 1048576K
}
Event: 6.117 GC heap before
{Heap before GC invocations=8 (full 1):
 PSYoungGen      total 244224K, used 243868K [0x00000000d5a00000, 0x00000000e7000000, 0x0000000100000000)
  eden space 236544K, 100% used [0x00000000d5a00000,0x00000000e4100000,0x00000000e4100000)
  from space 7680K, 95% used [0x00000000e6880000,0x00000000e6fa7008,0x00000000e7000000)
  to   space 10240K, 0% used [0x00000000e5c00000,0x00000000e5c00000,0x00000000e6600000)
 ParOldGen       total 52224K, used 6516K [0x0000000080e00000, 0x0000000084100000, 0x00000000d5a00000)
  object space 52224K, 12% used [0x0000000080e00000,0x000000008145d2b0,0x0000000084100000)
 Metaspace       used 32302K, capacity 32828K, committed 33152K, reserved 1079296K
  class space    used 4026K, capacity 4119K, committed 4224K, reserved 1048576K
Event: 6.173 GC heap after
Heap after GC invocations=8 (full 1):
 PSYoungGen      total 274432K, used 10213K [0x00000000d5a00000, 0x00000000f0f80000, 0x0000000100000000)
  eden space 264192K, 0% used [0x00000000d5a00000,0x00000000d5a00000,0x00000000e5c00000)
  from space 10240K, 99% used [0x00000000e5c00000,0x00000000e65f9558,0x00000000e6600000)
  to   space 17408K, 0% used [0x00000000efe80000,0x00000000efe80000,0x00000000f0f80000)
 ParOldGen       total 52224K, used 17438K [0x0000000080e00000, 0x0000000084100000, 0x00000000d5a00000)
  object space 52224K, 33% used [0x0000000080e00000,0x0000000081f07940,0x0000000084100000)
 Metaspace       used 32302K, capacity 32828K, committed 33152K, reserved 1079296K
  class space    used 4026K, capacity 4119K, committed 4224K, reserved 1048576K
}
Event: 6.698 GC heap before
{Heap before GC invocations=9 (full 1):
 PSYoungGen      total 274432K, used 73018K [0x00000000d5a00000, 0x00000000f0f80000, 0x0000000100000000)
  eden space 264192K, 23% used [0x00000000d5a00000,0x00000000d9755618,0x00000000e5c00000)
  from space 10240K, 99% used [0x00000000e5c00000,0x00000000e65f9558,0x00000000e6600000)
  to   space 17408K, 0% used [0x00000000efe80000,0x00000000efe80000,0x00000000f0f80000)
 ParOldGen       total 52224K, used 17438K [0x0000000080e00000, 0x0000000084100000, 0x00000000d5a00000)
  object space 52224K, 33% used [0x0000000080e00000,0x0000000081f07940,0x0000000084100000)
 Metaspace       used 34862K, capacity 35356K, committed 35496K, reserved 1081344K
  class space    used 4228K, capacity 4343K, committed 4352K, reserved 1048576K
Event: 6.714 GC heap after
Heap after GC invocations=9 (full 1):
 PSYoungGen      total 429056K, used 14792K [0x00000000d5a00000, 0x00000000f3c00000, 0x0000000100000000)
  eden space 411648K, 0% used [0x00000000d5a00000,0x00000000d5a00000,0x00000000eec00000)
  from space 17408K, 84% used [0x00000000efe80000,0x00000000f0cf2350,0x00000000f0f80000)
  to   space 18944K, 0% used [0x00000000eec00000,0x00000000eec00000,0x00000000efe80000)
 ParOldGen       total 52224K, used 17438K [0x0000000080e00000, 0x0000000084100000, 0x00000000d5a00000)
  object space 52224K, 33% used [0x0000000080e00000,0x0000000081f07940,0x0000000084100000)
 Metaspace       used 34862K, capacity 35356K, committed 35496K, reserved 1081344K
  class space    used 4228K, capacity 4343K, committed 4352K, reserved 1048576K
}
Event: 6.714 GC heap before
{Heap before GC invocations=10 (full 2):
 PSYoungGen      total 429056K, used 14792K [0x00000000d5a00000, 0x00000000f3c00000, 0x0000000100000000)
  eden space 411648K, 0% used [0x00000000d5a00000,0x00000000d5a00000,0x00000000eec00000)
  from space 17408K, 84% used [0x00000000efe80000,0x00000000f0cf2350,0x00000000f0f80000)
  to   space 18944K, 0% used [0x00000000eec00000,0x00000000eec00000,0x00000000efe80000)
 ParOldGen       total 52224K, used 17438K [0x0000000080e00000, 0x0000000084100000, 0x00000000d5a00000)
  object space 52224K, 33% used [0x0000000080e00000,0x0000000081f07940,0x0000000084100000)
 Metaspace       used 34862K, capacity 35356K, committed 35496K, reserved 1081344K
  class space    used 4228K, capacity 4343K, committed 4352K, reserved 1048576K

Deoptimization events (10 events):
Event: 5.656 Thread 0x000000000204f000 Uncommon trap: reason=unstable_if action=reinterpret pc=0x0000000003308330 method=java.lang.Class.searchMethods([Ljava/lang/reflect/Method;Ljava/lang/String;[Ljava/lang/Class;)Ljava/lang/reflect/Method; @ 47
Event: 5.822 Thread 0x000000000204f000 Uncommon trap: reason=unstable_if action=reinterpret pc=0x00000000031f77f8 method=java.util.concurrent.ConcurrentHashMap.putVal(Ljava/lang/Object;Ljava/lang/Object;Z)Ljava/lang/Object; @ 331
Event: 5.866 Thread 0x000000000204f000 Uncommon trap: reason=unstable_if action=reinterpret pc=0x000000000290902c method=java.util.HashMap.putVal(ILjava/lang/Object;Ljava/lang/Object;ZZ)Ljava/lang/Object; @ 162
Event: 5.869 Thread 0x000000000204f000 Uncommon trap: reason=unstable_if action=reinterpret pc=0x00000000029759e0 method=java.util.HashMap.resize()[Ljava/util/HashMap$Node; @ 206
Event: 6.286 Thread 0x000000000204f000 Uncommon trap: reason=unstable_if action=reinterpret pc=0x0000000002d8f4c4 method=java.util.regex.Pattern$CharProperty$1.isSatisfiedBy(I)Z @ 8
Event: 6.286 Thread 0x000000000204f000 Uncommon trap: reason=unstable_if action=reinterpret pc=0x000000000292a888 method=java.util.regex.Pattern$CharProperty$1.isSatisfiedBy(I)Z @ 8
Event: 6.322 Thread 0x000000000204f000 Uncommon trap: reason=unstable_if action=reinterpret pc=0x000000000349b0e0 method=org.springframework.boot.bind.DefaultPropertyNamePatternsMatcher.matches(Ljava/lang/String;)Z @ 169
Event: 6.475 Thread 0x000000000204f000 Uncommon trap: reason=unstable_if action=reinterpret pc=0x000000000284ba6c method=sun.nio.cs.UTF_8$Decoder.decode([BII[C)I @ 30
Event: 6.483 Thread 0x000000000204f000 Uncommon trap: reason=unstable_if action=reinterpret pc=0x0000000002864d90 method=java.util.Properties.loadConvert([CII[C)Ljava/lang/String; @ 57
Event: 6.596 Thread 0x000000000204f000 Uncommon trap: reason=unstable_if action=reinterpret pc=0x0000000002e3619c method=java.util.Properties$LineReader.readLine()I @ 174

Classes redefined (0 events):
No events

Internal exceptions (10 events):
Event: 5.779 Thread 0x000000000204f000 Exception <a 'java/lang/ClassNotFoundException': com/alibaba/druid/filter/FilterEventAdapterBeanInfo> (0x00000000e26ea0a8) thrown at [C:\re\workspace\8-2-build-windows-amd64-cygwin\jdk8u181\11358\hotspot\src\share\vm\classfile\systemDictionary.cpp, line 2
Event: 5.780 Thread 0x000000000204f000 Exception <a 'java/lang/ClassNotFoundException': com/alibaba/druid/filter/FilterAdapterBeanInfo> (0x00000000e2706950) thrown at [C:\re\workspace\8-2-build-windows-amd64-cygwin\jdk8u181\11358\hotspot\src\share\vm\classfile\systemDictionary.cpp, line 210]
Event: 5.780 Thread 0x000000000204f000 Exception <a 'java/lang/ClassNotFoundException': javax/management/NotificationBroadcasterSupportBeanInfo> (0x00000000e2717130) thrown at [C:\re\workspace\8-2-build-windows-amd64-cygwin\jdk8u181\11358\hotspot\src\share\vm\classfile\systemDictionary.cpp, li
Event: 5.780 Thread 0x000000000204f000 Exception <a 'java/lang/ClassNotFoundException': javax/management/NotificationBroadcasterSupportCustomizer> (0x00000000e2727d58) thrown at [C:\re\workspace\8-2-build-windows-amd64-cygwin\jdk8u181\11358\hotspot\src\share\vm\classfile\systemDictionary.cpp, 
Event: 5.781 Thread 0x000000000204f000 Exception <a 'java/lang/ClassNotFoundException': com/alibaba/druid/filter/FilterAdapterCustomizer> (0x00000000e274a0e0) thrown at [C:\re\workspace\8-2-build-windows-amd64-cygwin\jdk8u181\11358\hotspot\src\share\vm\classfile\systemDictionary.cpp, line 210]
Event: 5.785 Thread 0x000000000204f000 Exception <a 'java/lang/ClassNotFoundException': com/alibaba/druid/filter/FilterEventAdapterCustomizer> (0x00000000e28f1580) thrown at [C:\re\workspace\8-2-build-windows-amd64-cygwin\jdk8u181\11358\hotspot\src\share\vm\classfile\systemDictionary.cpp, line
Event: 5.786 Thread 0x000000000204f000 Exception <a 'java/lang/ClassNotFoundException': com/alibaba/druid/filter/stat/StatFilterCustomizer> (0x00000000e2979aa8) thrown at [C:\re\workspace\8-2-build-windows-amd64-cygwin\jdk8u181\11358\hotspot\src\share\vm\classfile\systemDictionary.cpp, line 21
Event: 5.788 Thread 0x000000000204f000 Exception <a 'java/lang/ClassNotFoundException': com/alibaba/druid/filter/stat/StatFilterMBeanCustomizer> (0x00000000e2a39ff0) thrown at [C:\re\workspace\8-2-build-windows-amd64-cygwin\jdk8u181\11358\hotspot\src\share\vm\classfile\systemDictionary.cpp, li
Event: 5.788 Thread 0x000000000204f000 Exception <a 'java/lang/ClassNotFoundException': com/alibaba/druid/filter/FilterCustomizer> (0x00000000e2a5c828) thrown at [C:\re\workspace\8-2-build-windows-amd64-cygwin\jdk8u181\11358\hotspot\src\share\vm\classfile\systemDictionary.cpp, line 210]
Event: 5.791 Thread 0x000000000204f000 Exception <a 'java/lang/ClassNotFoundException': javax/management/NotificationEmitterCustomizer> (0x00000000e2beee90) thrown at [C:\re\workspace\8-2-build-windows-amd64-cygwin\jdk8u181\11358\hotspot\src\share\vm\classfile\systemDictionary.cpp, line 210]

Events (10 events):
Event: 6.621 loading class sun/nio/cs/US_ASCII$Encoder done
Event: 6.621 loading class sun/nio/cs/Surrogate$Parser
Event: 6.622 loading class sun/nio/cs/Surrogate$Parser done
Event: 6.622 loading class sun/nio/cs/Surrogate
Event: 6.622 loading class sun/nio/cs/Surrogate done
Event: 6.692 loading class com/mysql/jdbc/StatementImpl$CancelTask
Event: 6.692 loading class com/mysql/jdbc/StatementImpl$CancelTask done
Event: 6.692 loading class java/sql/BatchUpdateException
Event: 6.693 loading class java/sql/BatchUpdateException done
Event: 6.698 Executing VM operation: CollectForMetadataAllocation


Dynamic libraries:
0x000000013ff40000 - 0x000000013ff77000 	C:\Program Files\Java\jdk1.8.0_181\bin\java.exe
0x0000000077b90000 - 0x0000000077d39000 	C:\Windows\SYSTEM32\ntdll.dll
0x0000000077a70000 - 0x0000000077b8f000 	C:\Windows\system32\kernel32.dll
0x000007fefdc30000 - 0x000007fefdc9b000 	C:\Windows\system32\KERNELBASE.dll
0x000007feffa20000 - 0x000007feffafb000 	C:\Windows\system32\ADVAPI32.dll
0x000007feff980000 - 0x000007feffa1f000 	C:\Windows\system32\msvcrt.dll
0x000007feff900000 - 0x000007feff91f000 	C:\Windows\SYSTEM32\sechost.dll
0x000007fefe360000 - 0x000007fefe48d000 	C:\Windows\system32\RPCRT4.dll
0x0000000077970000 - 0x0000000077a6a000 	C:\Windows\system32\USER32.dll
0x000007feffb00000 - 0x000007feffb67000 	C:\Windows\system32\GDI32.dll
0x000007fefdeb0000 - 0x000007fefdebe000 	C:\Windows\system32\LPK.dll
0x000007feffb70000 - 0x000007feffc39000 	C:\Windows\system32\USP10.dll
0x000007fefc320000 - 0x000007fefc514000 	C:\Windows\WinSxS\amd64_microsoft.windows.common-controls_6595b64144ccf1df_6.0.7601.17514_none_fa396087175ac9ac\COMCTL32.dll
0x000007fefe070000 - 0x000007fefe0e1000 	C:\Windows\system32\SHLWAPI.dll
0x000007fefe9f0000 - 0x000007fefea1e000 	C:\Windows\system32\IMM32.DLL
0x000007fefdf60000 - 0x000007fefe069000 	C:\Windows\system32\MSCTF.dll
0x000000005d080000 - 0x000000005d152000 	C:\Program Files\Java\jdk1.8.0_181\jre\bin\msvcr100.dll
0x000000005ad30000 - 0x000000005b5d2000 	C:\Program Files\Java\jdk1.8.0_181\jre\bin\server\jvm.dll
0x000007fef9ec0000 - 0x000007fef9ec9000 	C:\Windows\system32\WSOCK32.dll
0x000007feff7b0000 - 0x000007feff7fd000 	C:\Windows\system32\WS2_32.dll
0x000007fefe350000 - 0x000007fefe358000 	C:\Windows\system32\NSI.dll
0x000007fef92b0000 - 0x000007fef92eb000 	C:\Windows\system32\WINMM.dll
0x000007fefc9b0000 - 0x000007fefc9bc000 	C:\Windows\system32\VERSION.dll
0x0000000077d50000 - 0x0000000077d57000 	C:\Windows\system32\PSAPI.DLL
0x0000000075630000 - 0x000000007563f000 	C:\Program Files\Java\jdk1.8.0_181\jre\bin\verify.dll
0x000000006d820000 - 0x000000006d849000 	C:\Program Files\Java\jdk1.8.0_181\jre\bin\java.dll
0x0000000064420000 - 0x0000000064455000 	C:\Program Files\Java\jdk1.8.0_181\jre\bin\jdwp.dll
0x0000000075410000 - 0x0000000075418000 	C:\Program Files\Java\jdk1.8.0_181\jre\bin\npt.dll
0x00000000643f0000 - 0x0000000064413000 	C:\Program Files\Java\jdk1.8.0_181\jre\bin\instrument.dll
0x0000000075610000 - 0x0000000075626000 	C:\Program Files\Java\jdk1.8.0_181\jre\bin\zip.dll
0x000007fefea20000 - 0x000007feff7a8000 	C:\Windows\system32\SHELL32.dll
0x000007fefe740000 - 0x000007fefe943000 	C:\Windows\system32\ole32.dll
0x000007fefda70000 - 0x000007fefda7f000 	C:\Windows\system32\profapi.dll
0x0000000075400000 - 0x0000000075409000 	C:\Program Files\Java\jdk1.8.0_181\jre\bin\dt_socket.dll
0x000007fefd2a0000 - 0x000007fefd2f5000 	C:\Windows\system32\mswsock.dll
0x000007fefcab0000 - 0x000007fefcab7000 	C:\Windows\System32\wshtcpip.dll
0x000000006bd20000 - 0x000000006bd2d000 	C:\Program Files\Java\jdk1.8.0_181\jre\bin\management.dll
0x000000006c0c0000 - 0x000000006c0da000 	C:\Program Files\Java\jdk1.8.0_181\jre\bin\net.dll
0x000007fefd290000 - 0x000007fefd297000 	C:\Windows\System32\wship6.dll
0x000007fefb6e0000 - 0x000007fefb6f5000 	C:\Windows\system32\NLAapi.dll
0x000007fef9d80000 - 0x000007fef9d95000 	C:\Windows\system32\napinsp.dll
0x000007fef9d60000 - 0x000007fef9d79000 	C:\Windows\system32\pnrpnsp.dll
0x000007fefd120000 - 0x000007fefd17b000 	C:\Windows\system32\DNSAPI.dll
0x000007fef9d50000 - 0x000007fef9d5b000 	C:\Windows\System32\winrnr.dll
0x000007fef9d40000 - 0x000007fef9d50000 	C:\Windows\system32\wshbth.dll
0x000007fefab30000 - 0x000007fefab57000 	C:\Windows\system32\IPHLPAPI.DLL
0x000007fefab20000 - 0x000007fefab2b000 	C:\Windows\system32\WINNSI.DLL
0x000007fef8d80000 - 0x000007fef8d88000 	C:\Windows\system32\rasadhlp.dll
0x000007fefaa00000 - 0x000007fefaa53000 	C:\Windows\System32\fwpuclnt.dll
0x000000006e1b0000 - 0x000000006e1c1000 	C:\Program Files\Java\jdk1.8.0_181\jre\bin\nio.dll
0x000007fefb950000 - 0x000007fefba75000 	C:\Windows\system32\dbghelp.dll

VM Arguments:
jvm_args: -agentlib:jdwp=transport=dt_socket,address=127.0.0.1:55647,suspend=y,server=n -ea -Didea.test.cyclic.buffer.size=1048576 -javaagent:C:\Users\Administrator\.IntelliJIdea2018.2\system\captureAgent\debugger-agent.jar=file:/C:/Users/Administrator/AppData/Local/Temp/capture.props -Dfile.encoding=UTF-8 
java_command: com.intellij.rt.execution.junit.JUnitStarter -ideVersion5 -junit4 com.superman.superman.Supermaests,simm
java_class_path (initial): D:\Program Files\JetBrains\IntelliJ IDEA 2018.2.5\lib\idea_rt.jar;D:\Program Files\JetBrains\IntelliJ IDEA 2018.2.5\plugins\junit\lib\junit-rt.jar;D:\Program Files\JetBrains\IntelliJ IDEA 2018.2.5\plugins\junit\lib\junit5-rt.jar;C:\Program Files\Java\jdk1.8.0_181\jre\lib\charsets.jar;C:\Program Files\Java\jdk1.8.0_181\jre\lib\deploy.jar;C:\Program Files\Java\jdk1.8.0_181\jre\lib\ext\access-bridge-64.jar;C:\Program Files\Java\jdk1.8.0_181\jre\lib\ext\cldrdata.jar;C:\Program Files\Java\jdk1.8.0_181\jre\lib\ext\dnsns.jar;C:\Program Files\Java\jdk1.8.0_181\jre\lib\ext\jaccess.jar;C:\Program Files\Java\jdk1.8.0_181\jre\lib\ext\jfxrt.jar;C:\Program Files\Java\jdk1.8.0_181\jre\lib\ext\localedata.jar;C:\Program Files\Java\jdk1.8.0_181\jre\lib\ext\nashorn.jar;C:\Program Files\Java\jdk1.8.0_181\jre\lib\ext\sunec.jar;C:\Program Files\Java\jdk1.8.0_181\jre\lib\ext\sunjce_provider.jar;C:\Program Files\Java\jdk1.8.0_181\jre\lib\ext\sunmscapi.jar;C:\Program Files\Java\jdk1.8.0_181\jre\lib\ext\sunpkcs11.jar;C:\Program Files\Java\jdk1.8.0_181\jre\lib\ext\zipfs.jar;C:\Program Files\Java\jdk1.8.0_181\jre\lib\javaws.jar;C:\Program Files\Java\jdk1.8.0_181\jre\lib\jce.jar;C:\Program Files\Java\jdk1.8.0_181\jre\lib\jfr.jar;C:\Program Files\Java\jdk1.8.0_181\jre\lib\jfxswt.jar;C:\Program Files\Java\jdk1.8.0_181\jre\lib\jsse.jar;C:\Program Files\Java\jdk1.8.0_181\jre\lib\management-agent.jar;C:\Program Files\Java\jdk1.8.0_181\jre\lib\plugin.jar;C:\Program Files\Java\jdk1.8.0_181\jre\lib\resources.jar;C:\Program Files\Java\jdk1.8.0_181\jre\lib\rt.jar;D:\Mysup\superman\target\test-classes;D:\Mysup\superman\target\classes;D:\maven-repository\org\springframework\boot\spring-boot-starter-jdbc\1.5.6.RELEASE\spring-boot-starter-jdbc-1.5.6.RELEASE.jar;D:\maven-repository\org\springframework\boot\spring-boot-starter\1.5.6.RELEASE\spring-boot-starter-1.5.6.RELEASE.jar;D:\maven-repository\org\springframework\boot\spring-boot\1.5.6.RELEASE\spring-boot-1.5.6.RELEASE.jar;D:\m
Launcher Type: SUN_STANDARD

Environment Variables:
JAVA_HOME=C:\Program Files\Java\jdk1.8.0_181
CLASSPATH=.;%JAVA_HOME%\lib;%JAVA_HOME%\lib\tools.jar;
PATH=C:\Program Files (x86)\Common Files\Oracle\Java\javapath;C:\Windows\system32;C:\Windows;C:\Windows\System32\Wbem;C:\Windows\System32\WindowsPowerShell\v1.0\ .;C:\Program Files\Java\jdk1.8.0_181\lib;C:\Program Files\Java\jdk1.8.0_181\lib\tools.jar; C:\Program Files\Java\jdk1.8.0_181\bin;C:\Program Files\Java\jdk1.8.0_181\jre\bin;C:\Program Files\mysql-5.7.23-winx64 (1)\mysql-5.7.23-winx64\bin;D:\Maven\apache-maven-3.5.3\bin;C:\Program Files\MySQL\MySQL Server 5.6\bin;D:\Program Files\Git\cmd;C:\Program Files\MongoDB\Server\3.4\bin;D:\apache-maven-3.3.9\bin;C:\Program Files (x86)\NVIDIA Corporation\PhysX\Common
USERNAME=Administrator
OS=Windows_NT
PROCESSOR_IDENTIFIER=Intel64 Family 6 Model 60 Stepping 3, GenuineIntel



---------------  S Y S T E M  ---------------

OS: Windows 7 , 64 bit Build 7601 (6.1.7601.17514)

CPU:total 4 (initial active 4) (4 cores per cpu, 1 threads per core) family 6 model 60 stepping 3, cmov, cx8, fxsr, mmx, sse, sse2, sse3, ssse3, sse4.1, sse4.2, popcnt, avx, avx2, aes, clmul, erms, lzcnt, tsc, tscinvbit, bmi1, bmi2

Memory: 4k page, physical 8326424k(661960k free), swap 16651004k(6937244k free)

vm_info: Java HotSpot(TM) 64-Bit Server VM (25.181-b13) for windows-amd64 JRE (1.8.0_181-b13), built on Jul  7 2018 04:01:33 by "java_re" with MS VC++ 10.0 (VS2010)

time: Thu Dec 13 18:20:52 2018
elapsed time: 6 seconds (0d 0h 0m 6s)

